<?xml version="1.0" encoding="UTF-8"?>
<testng-results skipped="0" failed="0" ignored="0" total="2" passed="2">
  <reporter-output>
  </reporter-output>
  <suite name="Suite" duration-ms="73" started-at="2023-02-05T22:58:40 IST" finished-at="2023-02-05T22:58:40 IST">
    <groups>
    </groups>
    <test name="OverseasCount" duration-ms="51" started-at="2023-02-05T22:58:40 IST" finished-at="2023-02-05T22:58:40 IST">
      <class name="com.rcbteam.testcases.ValidateOverseasPlayers">
        <test-method status="PASS" signature="setUp()[pri:0, instance:com.rcbteam.testcases.ValidateOverseasPlayers@631330c]" name="setUp" is-config="true" duration-ms="4" started-at="2023-02-05T22:58:40 IST" finished-at="2023-02-05T22:58:40 IST">
          <reporter-output>
          </reporter-output>
        </test-method> <!-- setUp -->
        <test-method status="PASS" signature="startTestCase()[pri:0, instance:com.rcbteam.testcases.ValidateOverseasPlayers@631330c]" name="startTestCase" is-config="true" duration-ms="6" started-at="2023-02-05T22:58:40 IST" finished-at="2023-02-05T22:58:40 IST">
          <reporter-output>
          </reporter-output>
        </test-method> <!-- startTestCase -->
        <test-method status="PASS" signature="verifyOverseasPlayersCount()[pri:0, instance:com.rcbteam.testcases.ValidateOverseasPlayers@631330c]" name="verifyOverseasPlayersCount" duration-ms="12" started-at="2023-02-05T22:58:40 IST" finished-at="2023-02-05T22:58:40 IST">
          <reporter-output>
          </reporter-output>
        </test-method> <!-- verifyOverseasPlayersCount -->
      </class> <!-- com.rcbteam.testcases.ValidateOverseasPlayers -->
    </test> <!-- OverseasCount -->
    <test name="KeeperCount" duration-ms="6" started-at="2023-02-05T22:58:40 IST" finished-at="2023-02-05T22:58:40 IST">
      <class name="com.rcbteam.testcases.ValidateWicketKeeper">
        <test-method status="PASS" signature="startReport()[pri:0, instance:com.rcbteam.testcases.ValidateWicketKeeper@7a3d45bd]" name="startReport" is-config="true" duration-ms="98" started-at="2023-02-05T22:58:40 IST" finished-at="2023-02-05T22:58:40 IST">
          <reporter-output>
          </reporter-output>
        </test-method> <!-- startReport -->
        <test-method status="PASS" signature="setUp()[pri:0, instance:com.rcbteam.testcases.ValidateWicketKeeper@7a3d45bd]" name="setUp" is-config="true" duration-ms="0" started-at="2023-02-05T22:58:40 IST" finished-at="2023-02-05T22:58:40 IST">
          <reporter-output>
          </reporter-output>
        </test-method> <!-- setUp -->
        <test-method status="PASS" signature="startTestCase()[pri:0, instance:com.rcbteam.testcases.ValidateWicketKeeper@7a3d45bd]" name="startTestCase" is-config="true" duration-ms="1" started-at="2023-02-05T22:58:40 IST" finished-at="2023-02-05T22:58:40 IST">
          <reporter-output>
          </reporter-output>
        </test-method> <!-- startTestCase -->
        <test-method status="PASS" signature="verifyWicketKeeperCount()[pri:0, instance:com.rcbteam.testcases.ValidateWicketKeeper@7a3d45bd]" name="verifyWicketKeeperCount" duration-ms="1" started-at="2023-02-05T22:58:40 IST" finished-at="2023-02-05T22:58:40 IST">
          <reporter-output>
          </reporter-output>
        </test-method> <!-- verifyWicketKeeperCount -->
        <test-method status="PASS" signature="endResult()[pri:0, instance:com.rcbteam.testcases.ValidateWicketKeeper@7a3d45bd]" name="endResult" is-config="true" duration-ms="238" started-at="2023-02-05T22:58:40 IST" finished-at="2023-02-05T22:58:40 IST">
          <reporter-output>
          </reporter-output>
        </test-method> <!-- endResult -->
      </class> <!-- com.rcbteam.testcases.ValidateWicketKeeper -->
    </test> <!-- KeeperCount -->
  </suite> <!-- Suite -->
</testng-results>
