<?xml version="1.0" encoding="UTF-8"?>
<testng-results skipped="0" failed="0" ignored="0" total="2" passed="2">
  <reporter-output>
  </reporter-output>
  <suite name="Suite" duration-ms="150" started-at="2023-02-04T13:54:04Z" finished-at="2023-02-04T13:54:04Z">
    <groups>
    </groups>
    <test name="Test" duration-ms="150" started-at="2023-02-04T13:54:04Z" finished-at="2023-02-04T13:54:04Z">
      <class name="com.rcbteam.testcases.ValidateRCBPlayers">
        <test-method status="PASS" signature="preSetUp()[pri:0, instance:com.rcbteam.testcases.ValidateRCBPlayers@5db250b4]" name="preSetUp" is-config="true" duration-ms="61" started-at="2023-02-04T13:54:04Z" finished-at="2023-02-04T13:54:04Z">
          <reporter-output>
          </reporter-output>
        </test-method> <!-- preSetUp -->
        <test-method status="PASS" signature="test1_verifyForeignPlayersCount()[pri:0, instance:com.rcbteam.testcases.ValidateRCBPlayers@5db250b4]" name="test1_verifyForeignPlayersCount" duration-ms="17" started-at="2023-02-04T13:54:04Z" finished-at="2023-02-04T13:54:04Z">
          <reporter-output>
          </reporter-output>
        </test-method> <!-- test1_verifyForeignPlayersCount -->
        <test-method status="PASS" signature="test1_verifyWicketKeeperCount()[pri:0, instance:com.rcbteam.testcases.ValidateRCBPlayers@5db250b4]" name="test1_verifyWicketKeeperCount" duration-ms="2" started-at="2023-02-04T13:54:04Z" finished-at="2023-02-04T13:54:04Z">
          <reporter-output>
          </reporter-output>
        </test-method> <!-- test1_verifyWicketKeeperCount -->
      </class> <!-- com.rcbteam.testcases.ValidateRCBPlayers -->
    </test> <!-- Test -->
  </suite> <!-- Suite -->
</testng-results>
